2023-11-28 15:53:52,448 - INFO - --- Starting script ---
2023-11-28 15:53:52,449 - INFO - Starting processing log Files...
2023-11-28 15:53:52,450 - ERROR - No files found Limsp_act*. Terminating the script.
2023-11-28 16:02:48,495 - INFO - --- Starting script ---
2023-11-28 16:02:48,496 - INFO - Starting processing log Files...
2023-11-28 16:02:48,496 - ERROR - No files found Limsp_act*. Terminating the script.
2023-11-28 16:02:58,350 - INFO - --- Starting script ---
2023-11-28 16:02:58,350 - INFO - Starting processing log Files...
2023-11-28 16:02:58,351 - ERROR - No files found Limsp_act*. Terminating the script.
2023-11-28 16:03:02,441 - INFO - --- Starting script ---
2023-11-28 16:03:02,442 - INFO - Starting processing log Files...
2023-11-28 16:03:02,444 - ERROR - No files found Limsp_act*. Terminating the script.
2023-11-28 16:04:48,108 - INFO - --- Starting script ---
2023-11-28 16:04:48,108 - INFO - Starting processing log Files...
2023-11-28 16:04:48,108 - INFO - File search results: 1 files...
2023-11-28 16:05:33,557 - INFO - --- Starting script ---
2023-11-28 16:05:33,557 - INFO - Starting processing log Files...
2023-11-28 16:05:33,557 - INFO - File search results: 1 files...
2023-11-28 16:06:06,988 - INFO - --- Starting script ---
2023-11-28 16:06:06,988 - INFO - Starting processing log Files...
2023-11-28 16:06:06,988 - INFO - File search results: 1 files...
2023-11-28 16:06:24,002 - INFO - --- Starting script ---
2023-11-28 16:06:24,003 - INFO - Starting processing log Files...
2023-11-28 16:06:24,004 - INFO - File search results: 1 files...
2023-11-28 16:07:07,353 - INFO - --- Starting script ---
2023-11-28 16:07:07,353 - INFO - Starting processing log Files...
2023-11-28 16:07:07,353 - INFO - File search results: 1 files...
2023-11-28 16:08:09,835 - INFO - --- Starting script ---
2023-11-28 16:08:09,837 - INFO - Starting processing log Files...
2023-11-28 16:08:09,837 - INFO - File search results: 1 files...
2023-11-28 16:09:09,871 - INFO - --- Starting script ---
2023-11-28 16:09:09,871 - INFO - Starting processing log Files...
2023-11-28 16:09:09,871 - INFO - File search results: 1 files...
2023-11-28 16:10:33,455 - INFO - --- Starting script ---
2023-11-28 16:10:33,455 - INFO - Starting processing log Files...
2023-11-28 16:10:33,455 - INFO - File search results: 1 files...
2023-11-28 16:13:50,921 - INFO - --- Starting script ---
2023-11-28 16:13:50,922 - INFO - Starting processing log Files...
2023-11-28 16:13:50,922 - INFO - File search results: 1 files...
2023-11-28 16:13:50,929 - INFO - Processing completed...
2023-11-28 16:13:50,929 - INFO - Guardando resultado...
2023-11-28 16:13:50,935 - INFO - Resultado almacenado
2023-11-28 16:15:14,452 - INFO - --- Starting script ---
2023-11-28 16:15:14,452 - INFO - Starting processing log Files...
2023-11-28 16:15:14,452 - INFO - File search results: 1 files...
2023-11-28 16:15:14,467 - INFO - Processing completed...
2023-11-28 16:15:14,468 - INFO - Guardando resultado...
2023-11-28 16:15:14,470 - INFO - Resultado almacenado
2023-11-28 16:16:58,452 - INFO - --- Starting script ---
2023-11-28 16:16:58,452 - INFO - Starting processing log Files...
2023-11-28 16:16:58,452 - INFO - File search results: 1 files...
2023-11-28 16:17:20,636 - INFO - --- Starting script ---
2023-11-28 16:17:20,636 - INFO - Starting processing log Files...
2023-11-28 16:17:20,636 - INFO - File search results: 1 files...
2023-11-28 16:17:51,813 - INFO - --- Starting script ---
2023-11-28 16:17:51,814 - INFO - Starting processing log Files...
2023-11-28 16:17:51,814 - INFO - File search results: 1 files...
2023-11-28 16:18:48,936 - INFO - --- Starting script ---
2023-11-28 16:18:48,936 - INFO - Starting processing log Files...
2023-11-28 16:18:48,936 - INFO - File search results: 1 files...
2023-11-28 16:19:19,368 - INFO - --- Starting script ---
2023-11-28 16:19:19,368 - INFO - Starting processing log Files...
2023-11-28 16:19:19,368 - INFO - File search results: 1 files...
2023-11-28 16:22:40,468 - INFO - --- Starting script ---
2023-11-28 16:22:40,468 - INFO - Starting processing log Files...
2023-11-28 16:22:40,468 - INFO - File search results: 1 files...
2023-11-28 16:22:48,052 - INFO - --- Starting script ---
2023-11-28 16:22:48,053 - INFO - Starting processing log Files...
2023-11-28 16:22:48,053 - INFO - File search results: 1 files...
2023-11-28 16:22:48,073 - INFO - Processing completed...
2023-11-28 16:22:48,073 - INFO - Guardando resultado...
2023-11-28 16:22:48,075 - INFO - Resultado almacenado
2023-11-28 16:23:52,563 - INFO - --- Starting script ---
2023-11-28 16:23:52,563 - INFO - Starting processing log Files...
2023-11-28 16:23:52,564 - INFO - File search results: 1 files...
2023-11-28 16:32:07,631 - INFO - --- Starting script ---
2023-11-28 16:32:07,631 - INFO - Starting processing log Files...
2023-11-28 16:32:07,631 - INFO - File search results: 1 files...
2023-11-28 16:32:28,652 - INFO - --- Starting script ---
2023-11-28 16:32:28,653 - INFO - Starting processing log Files...
2023-11-28 16:32:28,653 - INFO - File search results: 1 files...
2023-11-28 16:33:39,017 - INFO - --- Starting script ---
2023-11-28 16:33:39,017 - INFO - Starting processing log Files...
2023-11-28 16:33:39,017 - INFO - File search results: 1 files...
2023-11-28 16:33:44,582 - INFO - --- Starting script ---
2023-11-28 16:33:44,582 - INFO - Starting processing log Files...
2023-11-28 16:33:44,582 - INFO - File search results: 1 files...
2023-11-28 16:33:44,600 - INFO - Processing completed...
2023-11-28 16:33:44,600 - INFO - Guardando resultado...
2023-11-28 16:33:44,605 - INFO - Resultado almacenado
2023-11-28 16:34:03,566 - INFO - --- Starting script ---
2023-11-28 16:34:03,568 - INFO - Starting processing log Files...
2023-11-28 16:34:03,568 - INFO - File search results: 1 files...
2023-11-28 16:34:03,582 - INFO - Processing completed...
2023-11-28 16:34:03,582 - INFO - Guardando resultado...
2023-11-28 16:34:03,585 - INFO - Resultado almacenado
2023-11-28 16:34:16,072 - INFO - --- Starting script ---
2023-11-28 16:34:16,073 - INFO - Starting processing log Files...
2023-11-28 16:34:16,073 - INFO - File search results: 1 files...
2023-11-28 16:34:16,086 - INFO - Processing completed...
2023-11-28 16:34:16,086 - INFO - Guardando resultado...
2023-11-28 16:34:16,089 - INFO - Resultado almacenado
2023-11-28 16:34:42,063 - INFO - --- Starting script ---
2023-11-28 16:34:42,063 - INFO - Starting processing log Files...
2023-11-28 16:34:42,063 - INFO - File search results: 1 files...
2023-11-28 16:35:01,200 - INFO - --- Starting script ---
2023-11-28 16:35:01,200 - INFO - Starting processing log Files...
2023-11-28 16:35:01,200 - INFO - File search results: 1 files...
2023-11-28 16:39:50,047 - INFO - --- Starting script ---
2023-11-28 16:39:50,061 - INFO - Starting processing log Files...
2023-11-28 16:39:50,062 - INFO - File search results: 1 files...
2023-11-28 16:39:50,067 - INFO - Processing completed...
2023-11-28 16:39:50,067 - INFO - Guardando resultado...
2023-11-28 16:39:50,067 - INFO - Resultado almacenado
2023-11-28 16:41:12,992 - INFO - --- Starting script ---
2023-11-28 16:41:12,993 - INFO - Starting processing log Files...
2023-11-28 16:41:12,993 - INFO - File search results: 1 files...
2023-11-28 16:41:13,003 - INFO - Processing completed...
2023-11-28 16:41:13,003 - INFO - Guardando resultado...
2023-11-28 16:41:13,007 - INFO - Resultado almacenado
2023-11-28 16:42:20,247 - INFO - --- Starting script ---
2023-11-28 16:42:20,247 - INFO - Starting processing log Files...
2023-11-28 16:42:20,247 - INFO - File search results: 1 files...
2023-11-28 16:42:20,263 - INFO - Processing completed...
2023-11-28 16:42:20,263 - INFO - Guardando resultado...
2023-11-28 16:42:20,263 - INFO - Resultado almacenado
2023-11-28 16:43:28,532 - INFO - --- Starting script ---
2023-11-28 16:43:28,542 - INFO - Starting processing log Files...
2023-11-28 16:43:28,542 - INFO - File search results: 1 files...
2023-11-28 16:43:28,548 - INFO - Processing completed...
2023-11-28 16:43:28,548 - INFO - Guardando resultado...
2023-11-28 16:43:28,548 - INFO - Resultado almacenado
2023-11-28 16:43:41,443 - INFO - --- Starting script ---
2023-11-28 16:43:41,444 - INFO - Starting processing log Files...
2023-11-28 16:43:41,445 - INFO - File search results: 1 files...
2023-11-28 16:43:41,455 - INFO - Processing completed...
2023-11-28 16:43:41,455 - INFO - Guardando resultado...
2023-11-28 16:43:41,459 - INFO - Resultado almacenado
2023-11-28 16:44:02,528 - INFO - --- Starting script ---
2023-11-28 16:44:02,530 - INFO - Starting processing log Files...
2023-11-28 16:44:02,530 - INFO - File search results: 1 files...
2023-11-28 16:44:02,547 - INFO - Processing completed...
2023-11-28 16:44:02,548 - INFO - Guardando resultado...
2023-11-28 16:44:02,553 - INFO - Resultado almacenado
2023-11-28 16:44:33,654 - INFO - --- Starting script ---
2023-11-28 16:44:33,655 - INFO - Starting processing log Files...
2023-11-28 16:44:33,655 - INFO - File search results: 1 files...
2023-11-28 16:44:33,664 - INFO - Processing completed...
2023-11-28 16:44:33,664 - INFO - Guardando resultado...
2023-11-28 16:44:33,666 - INFO - Resultado almacenado
2023-11-28 16:45:45,229 - INFO - --- Starting script ---
2023-11-28 16:45:45,245 - INFO - Starting processing log Files...
2023-11-28 16:45:45,245 - INFO - File search results: 1 files...
2023-11-28 16:45:45,378 - INFO - Processing completed...
2023-11-28 16:45:45,378 - INFO - Guardando resultado...
2023-11-28 16:45:45,378 - INFO - Resultado almacenado
2023-11-28 16:46:15,842 - INFO - --- Starting script ---
2023-11-28 16:46:15,843 - INFO - Starting processing log Files...
2023-11-28 16:46:15,843 - INFO - File search results: 1 files...
2023-11-28 16:46:15,850 - INFO - Processing completed...
2023-11-28 16:46:15,850 - INFO - Guardando resultado...
2023-11-28 16:46:15,852 - INFO - Resultado almacenado
2023-11-28 16:46:29,744 - INFO - --- Starting script ---
2023-11-28 16:46:29,745 - INFO - Starting processing log Files...
2023-11-28 16:46:29,745 - INFO - File search results: 1 files...
2023-11-28 16:46:29,745 - INFO - Processing completed...
2023-11-28 16:46:29,745 - INFO - Guardando resultado...
2023-11-28 16:46:29,760 - INFO - Resultado almacenado
2023-11-28 16:46:56,414 - INFO - --- Starting script ---
2023-11-28 16:46:56,428 - INFO - Starting processing log Files...
2023-11-28 16:46:56,429 - INFO - File search results: 1 files...
2023-11-28 16:46:56,447 - INFO - Processing completed...
2023-11-28 16:46:56,447 - INFO - Guardando resultado...
2023-11-28 16:46:56,447 - INFO - Resultado almacenado
2023-11-28 16:48:08,296 - INFO - --- Starting script ---
2023-11-28 16:48:08,296 - INFO - Starting processing log Files...
2023-11-28 16:48:08,297 - INFO - File search results: 1 files...
2023-11-28 16:48:08,306 - INFO - Processing completed...
2023-11-28 16:48:08,306 - INFO - Guardando resultado...
2023-11-28 16:48:08,309 - INFO - Resultado almacenado
2023-11-28 16:48:16,010 - INFO - --- Starting script ---
2023-11-28 16:48:16,010 - INFO - Starting processing log Files...
2023-11-28 16:48:16,010 - INFO - File search results: 1 files...
2023-11-28 16:48:16,028 - INFO - Processing completed...
2023-11-28 16:48:16,028 - INFO - Guardando resultado...
2023-11-28 16:48:16,028 - INFO - Resultado almacenado
2023-11-28 16:48:38,018 - INFO - --- Starting script ---
2023-11-28 16:48:38,019 - INFO - Starting processing log Files...
2023-11-28 16:48:38,019 - INFO - File search results: 1 files...
2023-11-28 16:48:38,026 - INFO - Processing completed...
2023-11-28 16:48:38,026 - INFO - Guardando resultado...
2023-11-28 16:48:38,029 - INFO - Resultado almacenado
2023-11-28 16:48:47,300 - INFO - --- Starting script ---
2023-11-28 16:48:47,300 - INFO - Starting processing log Files...
2023-11-28 16:48:47,312 - INFO - File search results: 1 files...
2023-11-28 16:48:47,316 - INFO - Processing completed...
2023-11-28 16:48:47,316 - INFO - Guardando resultado...
2023-11-28 16:48:47,331 - INFO - Resultado almacenado
2023-11-28 16:49:04,887 - INFO - --- Starting script ---
2023-11-28 16:49:04,887 - INFO - Starting processing log Files...
2023-11-28 16:49:04,888 - INFO - File search results: 1 files...
2023-11-28 16:49:04,895 - INFO - Processing completed...
2023-11-28 16:49:04,895 - INFO - Guardando resultado...
2023-11-28 16:49:04,898 - INFO - Resultado almacenado
2023-11-28 16:49:27,986 - INFO - --- Starting script ---
2023-11-28 16:49:27,986 - INFO - Starting processing log Files...
2023-11-28 16:49:27,987 - INFO - File search results: 1 files...
2023-11-28 16:49:27,996 - INFO - Processing completed...
2023-11-28 16:49:27,996 - INFO - Guardando resultado...
2023-11-28 16:49:28,001 - INFO - Resultado almacenado
2023-11-28 16:50:25,522 - INFO - --- Starting script ---
2023-11-28 16:50:25,522 - INFO - Starting processing log Files...
2023-11-28 16:50:25,523 - INFO - File search results: 1 files...
2023-11-28 16:50:25,530 - INFO - Processing completed...
2023-11-28 16:50:25,530 - INFO - Guardando resultado...
2023-11-28 16:50:25,532 - INFO - Resultado almacenado
2023-11-28 16:52:34,678 - INFO - --- Starting script ---
2023-11-28 16:52:34,678 - INFO - Starting processing log Files...
2023-11-28 16:52:34,678 - INFO - File search results: 1 files...
2023-11-28 16:52:34,695 - INFO - Processing completed...
2023-11-28 16:52:34,695 - INFO - Guardando resultado...
2023-11-28 16:52:34,695 - INFO - Resultado almacenado
2023-11-28 16:53:22,852 - INFO - --- Starting script ---
2023-11-28 16:53:22,852 - INFO - Starting processing log Files...
2023-11-28 16:53:22,853 - INFO - File search results: 1 files...
2023-11-28 16:53:22,862 - INFO - Processing completed...
2023-11-28 16:53:22,862 - INFO - Guardando resultado...
2023-11-28 16:53:22,864 - INFO - Resultado almacenado
2023-11-28 16:53:52,260 - INFO - --- Starting script ---
2023-11-28 16:53:52,260 - INFO - Starting processing log Files...
2023-11-28 16:53:52,260 - INFO - File search results: 1 files...
2023-11-28 16:53:52,278 - INFO - Processing completed...
2023-11-28 16:53:52,278 - INFO - Guardando resultado...
2023-11-28 16:53:52,278 - INFO - Resultado almacenado
2023-11-28 16:54:29,152 - INFO - --- Starting script ---
2023-11-28 16:54:29,152 - INFO - Starting processing log Files...
2023-11-28 16:54:29,153 - INFO - File search results: 1 files...
2023-11-28 16:54:29,160 - INFO - Processing completed...
2023-11-28 16:54:29,160 - INFO - Guardando resultado...
2023-11-28 16:54:29,163 - INFO - Resultado almacenado
2023-11-28 16:55:14,112 - INFO - --- Starting script ---
2023-11-28 16:55:14,112 - INFO - Starting processing log Files...
2023-11-28 16:55:14,112 - INFO - File search results: 1 files...
2023-11-28 16:55:14,119 - INFO - Processing completed...
2023-11-28 16:55:14,119 - INFO - Guardando resultado...
2023-11-28 16:55:14,122 - INFO - Resultado almacenado
2023-11-28 16:55:18,430 - INFO - --- Starting script ---
2023-11-28 16:55:18,430 - INFO - Starting processing log Files...
2023-11-28 16:55:18,430 - INFO - File search results: 1 files...
2023-11-28 16:55:18,447 - INFO - Processing completed...
2023-11-28 16:55:18,447 - INFO - Guardando resultado...
2023-11-28 16:55:18,450 - INFO - Resultado almacenado
2023-11-28 16:55:36,041 - INFO - --- Starting script ---
2023-11-28 16:55:36,043 - INFO - Starting processing log Files...
2023-11-28 16:55:36,043 - INFO - File search results: 1 files...
2023-11-28 16:55:36,043 - INFO - Processing completed...
2023-11-28 16:55:36,043 - INFO - Guardando resultado...
2023-11-28 16:55:36,043 - INFO - Resultado almacenado
2023-11-28 16:57:09,361 - INFO - --- Starting script ---
2023-11-28 16:57:09,362 - INFO - Starting processing log Files...
2023-11-28 16:57:09,362 - INFO - File search results: 1 files...
2023-11-28 16:57:09,369 - INFO - Processing completed...
2023-11-28 16:57:09,369 - INFO - Guardando resultado...
2023-11-28 16:57:09,371 - INFO - Resultado almacenado
2023-11-28 16:57:32,583 - INFO - --- Starting script ---
2023-11-28 16:57:32,583 - INFO - Starting processing log Files...
2023-11-28 16:57:32,583 - INFO - File search results: 1 files...
2023-11-28 16:57:32,595 - INFO - Processing completed...
2023-11-28 16:57:32,595 - INFO - Guardando resultado...
2023-11-28 16:57:32,597 - INFO - Resultado almacenado
2023-11-28 16:57:54,238 - INFO - --- Starting script ---
2023-11-28 16:57:54,239 - INFO - Starting processing log Files...
2023-11-28 16:57:54,239 - INFO - File search results: 1 files...
2023-11-28 16:57:54,249 - INFO - Processing completed...
2023-11-28 16:57:54,249 - INFO - Guardando resultado...
2023-11-28 16:57:54,252 - INFO - Resultado almacenado
2023-11-30 08:53:40,616 - INFO - --- Starting script ---
2023-11-30 08:53:40,620 - INFO - Starting processing log Files...
2023-11-30 08:53:40,622 - INFO - File search results: 1 files...
2023-11-30 08:53:40,681 - INFO - Processing completed...
2023-11-30 08:53:40,681 - INFO - Guardando resultado...
2023-11-30 08:53:40,697 - INFO - Resultado almacenado
2023-11-30 08:53:53,946 - INFO - --- Starting script ---
2023-11-30 08:53:53,946 - INFO - Starting processing log Files...
2023-11-30 08:53:53,947 - INFO - File search results: 1 files...
2023-11-30 08:53:53,959 - INFO - Processing completed...
2023-11-30 08:53:53,959 - INFO - Guardando resultado...
2023-11-30 08:53:53,962 - INFO - Resultado almacenado
2023-11-30 08:55:09,492 - INFO - --- Starting script ---
2023-11-30 08:55:09,492 - INFO - Starting processing log Files...
2023-11-30 08:55:09,494 - INFO - File search results: 1 files...
2023-11-30 08:55:35,036 - INFO - --- Starting script ---
2023-11-30 08:55:35,036 - INFO - Starting processing log Files...
2023-11-30 08:55:35,036 - INFO - File search results: 1 files...
2023-11-30 08:55:35,044 - INFO - Processing completed...
2023-11-30 08:55:35,044 - INFO - Guardando resultado...
2023-11-30 08:55:35,056 - INFO - Resultado almacenado
2023-11-30 08:58:17,598 - INFO - --- Starting script ---
2023-11-30 08:58:17,599 - INFO - Starting processing log Files...
2023-11-30 08:58:17,599 - INFO - File search results: 1 files...
2023-11-30 08:58:17,605 - INFO - Processing completed...
2023-11-30 08:58:17,605 - INFO - Guardando resultado...
2023-11-30 08:58:17,616 - INFO - Resultado almacenado
2023-11-30 08:59:08,486 - INFO - --- Starting script ---
2023-11-30 08:59:08,487 - INFO - Starting processing log Files...
2023-11-30 08:59:08,487 - INFO - File search results: 1 files...
2023-11-30 08:59:08,494 - INFO - Processing completed...
2023-11-30 08:59:08,494 - INFO - Guardando resultado...
2023-11-30 08:59:08,496 - INFO - Resultado almacenado
2023-11-30 08:59:36,401 - INFO - --- Starting script ---
2023-11-30 08:59:36,401 - INFO - Starting processing log Files...
2023-11-30 08:59:36,401 - INFO - File search results: 1 files...
2023-11-30 08:59:36,401 - INFO - Processing completed...
2023-11-30 08:59:36,411 - INFO - Guardando resultado...
2023-11-30 08:59:36,411 - INFO - Resultado almacenado
2023-11-30 08:59:44,844 - INFO - --- Starting script ---
2023-11-30 08:59:44,845 - INFO - Starting processing log Files...
2023-11-30 08:59:44,845 - INFO - File search results: 1 files...
2023-11-30 08:59:44,850 - INFO - Processing completed...
2023-11-30 08:59:44,850 - INFO - Guardando resultado...
2023-11-30 08:59:44,850 - INFO - Resultado almacenado
2023-11-30 09:00:28,440 - INFO - --- Starting script ---
2023-11-30 09:00:28,440 - INFO - Starting processing log Files...
2023-11-30 09:00:28,441 - INFO - File search results: 1 files...
2023-11-30 09:00:28,447 - INFO - Processing completed...
2023-11-30 09:00:28,447 - INFO - Guardando resultado...
2023-11-30 09:00:28,449 - INFO - Resultado almacenado
2023-11-30 09:00:52,744 - INFO - --- Starting script ---
2023-11-30 09:00:52,745 - INFO - Starting processing log Files...
2023-11-30 09:00:52,745 - INFO - File search results: 1 files...
2023-11-30 09:00:52,756 - INFO - Processing completed...
2023-11-30 09:00:52,756 - INFO - Guardando resultado...
2023-11-30 09:00:52,756 - INFO - Resultado almacenado
2023-11-30 09:02:15,487 - INFO - --- Starting script ---
2023-11-30 09:02:15,488 - INFO - Starting processing log Files...
2023-11-30 09:02:15,488 - INFO - File search results: 1 files...
2023-11-30 09:02:15,494 - INFO - Processing completed...
2023-11-30 09:02:15,494 - INFO - Guardando resultado...
2023-11-30 09:02:15,497 - INFO - Resultado almacenado
2023-11-30 09:02:30,154 - INFO - --- Starting script ---
2023-11-30 09:02:30,154 - INFO - Starting processing log Files...
2023-11-30 09:02:30,154 - INFO - File search results: 1 files...
2023-11-30 09:02:30,166 - INFO - Processing completed...
2023-11-30 09:02:30,166 - INFO - Guardando resultado...
2023-11-30 09:02:30,170 - INFO - Resultado almacenado
2023-11-30 09:02:49,142 - INFO - --- Starting script ---
2023-11-30 09:02:49,144 - INFO - Starting processing log Files...
2023-11-30 09:02:49,145 - INFO - File search results: 1 files...
2023-11-30 09:02:49,166 - INFO - Processing completed...
2023-11-30 09:02:49,167 - INFO - Guardando resultado...
2023-11-30 09:02:49,171 - INFO - Resultado almacenado
2023-11-30 09:03:26,062 - INFO - --- Starting script ---
2023-11-30 09:03:26,062 - INFO - Starting processing log Files...
2023-11-30 09:03:26,063 - INFO - File search results: 1 files...
2023-11-30 09:03:26,070 - INFO - Processing completed...
2023-11-30 09:03:26,070 - INFO - Guardando resultado...
2023-11-30 09:03:26,072 - INFO - Resultado almacenado
2023-11-30 09:03:54,053 - INFO - --- Starting script ---
2023-11-30 09:03:54,053 - INFO - Starting processing log Files...
2023-11-30 09:03:54,053 - INFO - File search results: 1 files...
2023-11-30 09:03:54,073 - INFO - Processing completed...
2023-11-30 09:03:54,073 - INFO - Guardando resultado...
2023-11-30 09:03:54,075 - INFO - Resultado almacenado
2023-11-30 09:04:54,030 - INFO - --- Starting script ---
2023-11-30 09:04:54,031 - INFO - Starting processing log Files...
2023-11-30 09:04:54,031 - INFO - File search results: 1 files...
2023-11-30 09:04:54,039 - INFO - Processing completed...
2023-11-30 09:04:54,039 - INFO - Guardando resultado...
2023-11-30 09:04:54,041 - INFO - Resultado almacenado
2023-11-30 09:05:50,555 - INFO - --- Starting script ---
2023-11-30 09:05:50,555 - INFO - Starting processing log Files...
2023-11-30 09:05:50,556 - INFO - File search results: 1 files...
2023-11-30 09:05:50,562 - INFO - Processing completed...
2023-11-30 09:05:50,562 - INFO - Guardando resultado...
2023-11-30 09:05:50,564 - INFO - Resultado almacenado
2023-11-30 09:06:21,216 - INFO - --- Starting script ---
2023-11-30 09:06:21,216 - INFO - Starting processing log Files...
2023-11-30 09:06:21,217 - INFO - File search results: 1 files...
2023-11-30 09:10:59,864 - INFO - --- Starting script ---
2023-11-30 09:10:59,864 - INFO - Starting processing log Files...
2023-11-30 09:10:59,864 - INFO - File search results: 1 files...
2023-11-30 09:10:59,875 - INFO - Processing completed...
2023-11-30 09:10:59,875 - INFO - Guardando resultado...
2023-11-30 09:10:59,879 - INFO - Resultado almacenado
2023-11-30 09:11:30,469 - INFO - --- Starting script ---
2023-11-30 09:11:30,470 - INFO - Starting processing log Files...
2023-11-30 09:11:30,470 - INFO - File search results: 1 files...
2023-11-30 09:11:30,477 - INFO - Processing completed...
2023-11-30 09:11:30,477 - INFO - Guardando resultado...
2023-11-30 09:11:30,479 - INFO - Resultado almacenado
2023-11-30 09:33:41,748 - INFO - --- Starting script ---
2023-11-30 09:33:41,748 - INFO - Starting processing log Files...
2023-11-30 09:33:41,748 - INFO - File search results: 1 files...
2023-11-30 09:33:41,763 - INFO - Processing completed...
2023-11-30 09:33:41,763 - INFO - Guardando resultado...
2023-11-30 09:33:41,765 - INFO - Resultado almacenado
2023-11-30 09:34:03,130 - INFO - --- Starting script ---
2023-11-30 09:34:03,130 - INFO - Starting processing log Files...
2023-11-30 09:34:03,130 - INFO - File search results: 1 files...
2023-11-30 09:34:03,148 - INFO - Processing completed...
2023-11-30 09:34:03,148 - INFO - Guardando resultado...
2023-11-30 09:34:03,151 - INFO - Resultado almacenado
2023-11-30 09:34:27,407 - INFO - --- Starting script ---
2023-11-30 09:34:27,408 - INFO - Starting processing log Files...
2023-11-30 09:34:27,408 - INFO - File search results: 1 files...
2023-11-30 09:34:27,415 - INFO - Processing completed...
2023-11-30 09:34:27,415 - INFO - Guardando resultado...
2023-11-30 09:34:27,417 - INFO - Resultado almacenado
2023-11-30 09:34:42,617 - INFO - --- Starting script ---
2023-11-30 09:34:42,618 - INFO - Starting processing log Files...
2023-11-30 09:34:42,618 - INFO - File search results: 1 files...
2023-11-30 09:34:42,624 - INFO - Processing completed...
2023-11-30 09:34:42,625 - INFO - Guardando resultado...
2023-11-30 09:34:42,627 - INFO - Resultado almacenado
2023-11-30 10:09:07,560 - INFO - --- Starting script ---
2023-11-30 10:09:07,565 - INFO - Starting processing log Files...
2023-11-30 10:09:07,565 - INFO - File search results: 1 files...
2023-11-30 10:09:07,574 - INFO - Processing completed...
2023-11-30 10:09:07,574 - INFO - Guardando resultado...
2023-11-30 10:09:07,574 - INFO - Resultado almacenado
2023-11-30 10:09:43,975 - INFO - --- Starting script ---
2023-11-30 10:09:43,975 - INFO - Starting processing log Files...
2023-11-30 10:09:43,975 - INFO - File search results: 1 files...
2023-11-30 10:09:43,987 - INFO - Processing completed...
2023-11-30 10:09:43,987 - INFO - Guardando resultado...
2023-11-30 10:09:43,990 - INFO - Resultado almacenado
2023-11-30 10:10:01,332 - INFO - --- Starting script ---
2023-11-30 10:10:01,332 - INFO - Starting processing log Files...
2023-11-30 10:10:01,333 - INFO - File search results: 1 files...
2023-11-30 10:10:01,340 - INFO - Processing completed...
2023-11-30 10:10:01,340 - INFO - Guardando resultado...
2023-11-30 10:10:01,342 - INFO - Resultado almacenado
2023-11-30 10:10:15,542 - INFO - --- Starting script ---
2023-11-30 10:10:15,543 - INFO - Starting processing log Files...
2023-11-30 10:10:15,543 - INFO - File search results: 1 files...
2023-11-30 10:10:15,550 - INFO - Processing completed...
2023-11-30 10:10:15,550 - INFO - Guardando resultado...
2023-11-30 10:10:15,553 - INFO - Resultado almacenado
2023-11-30 10:10:44,841 - INFO - --- Starting script ---
2023-11-30 10:10:44,841 - INFO - Starting processing log Files...
2023-11-30 10:10:44,841 - INFO - File search results: 1 files...
2023-11-30 10:10:44,841 - INFO - Processing completed...
2023-11-30 10:10:44,841 - INFO - Guardando resultado...
2023-11-30 10:10:44,854 - INFO - Resultado almacenado
2023-11-30 10:11:02,590 - INFO - --- Starting script ---
2023-11-30 10:11:02,590 - INFO - Starting processing log Files...
2023-11-30 10:11:02,590 - INFO - File search results: 1 files...
2023-11-30 10:11:02,611 - INFO - Processing completed...
2023-11-30 10:11:02,611 - INFO - Guardando resultado...
2023-11-30 10:11:02,611 - INFO - Resultado almacenado
2023-11-30 10:11:12,624 - INFO - --- Starting script ---
2023-11-30 10:11:12,625 - INFO - Starting processing log Files...
2023-11-30 10:11:12,625 - INFO - File search results: 1 files...
2023-11-30 10:11:12,631 - INFO - Processing completed...
2023-11-30 10:11:12,631 - INFO - Guardando resultado...
2023-11-30 10:11:12,634 - INFO - Resultado almacenado
2023-11-30 10:11:35,923 - INFO - --- Starting script ---
2023-11-30 10:11:35,923 - INFO - Starting processing log Files...
2023-11-30 10:11:35,923 - INFO - File search results: 1 files...
2023-11-30 10:11:35,939 - INFO - Processing completed...
2023-11-30 10:11:35,939 - INFO - Guardando resultado...
2023-11-30 10:11:35,939 - INFO - Resultado almacenado
2023-11-30 10:15:46,352 - INFO - --- Starting script ---
2023-11-30 10:15:46,352 - INFO - Starting processing log Files...
2023-11-30 10:15:46,352 - INFO - File search results: 1 files...
2023-11-30 10:15:46,374 - INFO - Processing completed...
2023-11-30 10:15:46,374 - INFO - Guardando resultado...
2023-11-30 10:15:46,377 - INFO - Resultado almacenado
2023-11-30 10:16:02,261 - INFO - --- Starting script ---
2023-11-30 10:16:02,261 - INFO - Starting processing log Files...
2023-11-30 10:16:02,261 - INFO - File search results: 1 files...
2023-11-30 10:16:02,268 - INFO - Processing completed...
2023-11-30 10:16:02,269 - INFO - Guardando resultado...
2023-11-30 10:16:02,271 - INFO - Resultado almacenado
2023-11-30 10:16:11,190 - INFO - --- Starting script ---
2023-11-30 10:16:11,190 - INFO - Starting processing log Files...
2023-11-30 10:16:11,191 - INFO - File search results: 1 files...
2023-11-30 10:16:11,197 - INFO - Processing completed...
2023-11-30 10:16:11,197 - INFO - Guardando resultado...
2023-11-30 10:16:11,199 - INFO - Resultado almacenado
2023-11-30 10:16:21,051 - INFO - --- Starting script ---
2023-11-30 10:16:21,052 - INFO - Starting processing log Files...
2023-11-30 10:16:21,052 - INFO - File search results: 1 files...
2023-11-30 10:16:21,059 - INFO - Processing completed...
2023-11-30 10:16:21,059 - INFO - Guardando resultado...
2023-11-30 10:16:21,061 - INFO - Resultado almacenado
2023-11-30 10:18:51,710 - INFO - --- Starting script ---
2023-11-30 10:18:51,711 - INFO - Starting processing log Files...
2023-11-30 10:18:51,711 - INFO - File search results: 1 files...
2023-11-30 10:18:51,718 - INFO - Processing completed...
2023-11-30 10:18:51,719 - INFO - Guardando resultado...
2023-11-30 10:18:51,721 - INFO - Resultado almacenado
2023-11-30 10:21:15,924 - INFO - --- Starting script ---
2023-11-30 10:21:15,925 - INFO - Starting processing log Files...
2023-11-30 10:21:15,925 - INFO - File search results: 1 files...
2023-11-30 10:21:15,932 - INFO - Processing completed...
2023-11-30 10:21:15,932 - INFO - Guardando resultado...
2023-11-30 10:21:15,935 - INFO - Resultado almacenado
2023-11-30 10:21:18,958 - INFO - --- Starting script ---
2023-11-30 10:21:18,959 - INFO - Starting processing log Files...
2023-11-30 10:21:18,959 - INFO - File search results: 1 files...
2023-11-30 10:21:18,965 - INFO - Processing completed...
2023-11-30 10:21:18,966 - INFO - Guardando resultado...
2023-11-30 10:21:18,969 - INFO - Resultado almacenado
2023-11-30 10:21:41,773 - INFO - --- Starting script ---
2023-11-30 10:21:41,773 - INFO - Starting processing log Files...
2023-11-30 10:21:41,773 - INFO - File search results: 1 files...
2023-11-30 10:22:20,673 - INFO - --- Starting script ---
2023-11-30 10:22:20,674 - INFO - Starting processing log Files...
2023-11-30 10:22:20,674 - INFO - File search results: 1 files...
2023-11-30 10:22:20,682 - INFO - Processing completed...
2023-11-30 10:22:20,682 - INFO - Guardando resultado...
2023-11-30 10:22:20,685 - INFO - Resultado almacenado
2023-11-30 10:23:12,449 - INFO - --- Starting script ---
2023-11-30 10:23:12,449 - INFO - Starting processing log Files...
2023-11-30 10:23:12,450 - INFO - File search results: 1 files...
2023-11-30 10:23:12,457 - INFO - Processing completed...
2023-11-30 10:23:12,457 - INFO - Guardando resultado...
2023-11-30 10:23:12,460 - INFO - Resultado almacenado
2023-11-30 10:23:29,904 - INFO - --- Starting script ---
2023-11-30 10:23:29,904 - INFO - Starting processing log Files...
2023-11-30 10:23:29,904 - INFO - File search results: 1 files...
2023-11-30 10:23:36,470 - INFO - --- Starting script ---
2023-11-30 10:23:36,470 - INFO - Starting processing log Files...
2023-11-30 10:23:36,470 - INFO - File search results: 1 files...
2023-11-30 10:23:36,486 - INFO - Processing completed...
2023-11-30 10:23:36,486 - INFO - Guardando resultado...
2023-11-30 10:23:36,490 - INFO - Resultado almacenado
2023-11-30 10:24:31,701 - INFO - --- Starting script ---
2023-11-30 10:24:31,702 - INFO - Starting processing log Files...
2023-11-30 10:24:31,702 - INFO - File search results: 1 files...
2023-11-30 10:24:31,704 - INFO - Processing completed...
2023-11-30 10:24:31,704 - INFO - Guardando resultado...
2023-11-30 10:24:31,704 - INFO - Resultado almacenado
2023-11-30 10:25:13,947 - INFO - --- Starting script ---
2023-11-30 10:25:13,948 - INFO - Starting processing log Files...
2023-11-30 10:25:13,948 - INFO - File search results: 1 files...
2023-11-30 10:25:13,957 - INFO - Processing completed...
2023-11-30 10:25:13,957 - INFO - Guardando resultado...
2023-11-30 10:25:13,960 - INFO - Resultado almacenado
2023-11-30 10:25:58,861 - INFO - --- Starting script ---
2023-11-30 10:25:58,861 - INFO - Starting processing log Files...
2023-11-30 10:25:58,861 - INFO - File search results: 1 files...
2023-11-30 10:25:58,869 - INFO - Processing completed...
2023-11-30 10:25:58,869 - INFO - Guardando resultado...
2023-11-30 10:25:58,869 - INFO - Resultado almacenado
2023-11-30 10:26:21,440 - INFO - --- Starting script ---
2023-11-30 10:26:21,441 - INFO - Starting processing log Files...
2023-11-30 10:26:21,441 - INFO - File search results: 1 files...
2023-11-30 10:26:21,448 - INFO - Processing completed...
2023-11-30 10:26:21,448 - INFO - Guardando resultado...
2023-11-30 10:26:21,451 - INFO - Resultado almacenado
2023-11-30 10:26:35,974 - INFO - --- Starting script ---
2023-11-30 10:26:35,975 - INFO - Starting processing log Files...
2023-11-30 10:26:35,975 - INFO - File search results: 1 files...
2023-11-30 10:26:35,982 - INFO - Processing completed...
2023-11-30 10:26:35,982 - INFO - Guardando resultado...
2023-11-30 10:26:35,985 - INFO - Resultado almacenado
2023-11-30 10:26:56,396 - INFO - --- Starting script ---
2023-11-30 10:26:56,397 - INFO - Starting processing log Files...
2023-11-30 10:26:56,397 - INFO - File search results: 1 files...
2023-11-30 10:26:56,404 - INFO - Processing completed...
2023-11-30 10:26:56,404 - INFO - Guardando resultado...
2023-11-30 10:26:56,406 - INFO - Resultado almacenado
2023-11-30 10:27:16,694 - INFO - --- Starting script ---
2023-11-30 10:27:16,694 - INFO - Starting processing log Files...
2023-11-30 10:27:16,694 - INFO - File search results: 1 files...
2023-11-30 10:27:20,312 - INFO - --- Starting script ---
2023-11-30 10:27:20,312 - INFO - Starting processing log Files...
2023-11-30 10:27:20,313 - INFO - File search results: 1 files...
2023-11-30 10:27:20,319 - INFO - Processing completed...
2023-11-30 10:27:20,319 - INFO - Guardando resultado...
2023-11-30 10:27:20,322 - INFO - Resultado almacenado
2023-11-30 10:27:34,978 - INFO - --- Starting script ---
2023-11-30 10:27:34,978 - INFO - Starting processing log Files...
2023-11-30 10:27:34,978 - INFO - File search results: 1 files...
2023-11-30 10:27:34,986 - INFO - Processing completed...
2023-11-30 10:27:34,986 - INFO - Guardando resultado...
2023-11-30 10:27:34,988 - INFO - Resultado almacenado
2023-11-30 10:28:18,321 - INFO - --- Starting script ---
2023-11-30 10:28:18,322 - INFO - Starting processing log Files...
2023-11-30 10:28:18,322 - INFO - File search results: 1 files...
2023-11-30 10:28:18,328 - INFO - Processing completed...
2023-11-30 10:28:18,328 - INFO - Guardando resultado...
2023-11-30 10:28:18,331 - INFO - Resultado almacenado
2023-11-30 10:28:40,383 - INFO - --- Starting script ---
2023-11-30 10:28:40,383 - INFO - Starting processing log Files...
2023-11-30 10:28:40,383 - INFO - File search results: 1 files...
2023-11-30 10:28:40,383 - INFO - Processing completed...
2023-11-30 10:28:40,383 - INFO - Guardando resultado...
2023-11-30 10:28:40,383 - INFO - Resultado almacenado
2023-11-30 10:29:00,434 - INFO - --- Starting script ---
2023-11-30 10:29:00,449 - INFO - Starting processing log Files...
2023-11-30 10:29:00,449 - INFO - File search results: 1 files...
2023-11-30 10:29:00,451 - INFO - Processing completed...
2023-11-30 10:29:00,451 - INFO - Guardando resultado...
2023-11-30 10:29:00,451 - INFO - Resultado almacenado
2023-11-30 10:30:31,098 - INFO - --- Starting script ---
2023-11-30 10:30:31,099 - INFO - Starting processing log Files...
2023-11-30 10:30:31,099 - INFO - File search results: 1 files...
2023-11-30 10:30:31,099 - INFO - Processing completed...
2023-11-30 10:30:31,099 - INFO - Guardando resultado...
2023-11-30 10:30:31,099 - INFO - Resultado almacenado
2023-11-30 10:31:21,734 - INFO - --- Starting script ---
2023-11-30 10:31:21,734 - INFO - Starting processing log Files...
2023-11-30 10:31:21,734 - INFO - File search results: 1 files...
2023-11-30 10:31:21,749 - INFO - Processing completed...
2023-11-30 10:31:21,749 - INFO - Guardando resultado...
2023-11-30 10:31:21,752 - INFO - Resultado almacenado
2023-11-30 10:32:14,678 - INFO - --- Starting script ---
2023-11-30 10:32:14,679 - INFO - Starting processing log Files...
2023-11-30 10:32:14,679 - INFO - File search results: 1 files...
2023-11-30 10:32:14,686 - INFO - Processing completed...
2023-11-30 10:32:14,687 - INFO - Guardando resultado...
2023-11-30 10:32:14,689 - INFO - Resultado almacenado
2023-11-30 10:32:29,736 - INFO - --- Starting script ---
2023-11-30 10:32:29,736 - INFO - Starting processing log Files...
2023-11-30 10:32:29,737 - INFO - File search results: 1 files...
2023-11-30 10:32:29,737 - INFO - Processing completed...
2023-11-30 10:32:29,737 - INFO - Guardando resultado...
2023-11-30 10:32:29,750 - INFO - Resultado almacenado
2023-11-30 10:32:55,037 - INFO - --- Starting script ---
2023-11-30 10:32:55,038 - INFO - Starting processing log Files...
2023-11-30 10:32:55,038 - INFO - File search results: 1 files...
2023-11-30 10:32:55,044 - INFO - Processing completed...
2023-11-30 10:32:55,044 - INFO - Guardando resultado...
2023-11-30 10:32:55,046 - INFO - Resultado almacenado
2023-11-30 10:33:52,215 - INFO - --- Starting script ---
2023-11-30 10:33:52,215 - INFO - Starting processing log Files...
2023-11-30 10:33:52,215 - INFO - File search results: 1 files...
2023-11-30 10:33:52,215 - INFO - Processing completed...
2023-11-30 10:33:52,215 - INFO - Guardando resultado...
2023-11-30 10:33:52,215 - INFO - Resultado almacenado
2023-11-30 10:34:10,031 - INFO - --- Starting script ---
2023-11-30 10:34:10,033 - INFO - Starting processing log Files...
2023-11-30 10:34:10,034 - INFO - File search results: 1 files...
2023-11-30 10:34:10,038 - INFO - Processing completed...
2023-11-30 10:34:10,038 - INFO - Guardando resultado...
2023-11-30 10:34:10,038 - INFO - Resultado almacenado
2023-11-30 10:34:20,479 - INFO - --- Starting script ---
2023-11-30 10:34:20,480 - INFO - Starting processing log Files...
2023-11-30 10:34:20,480 - INFO - File search results: 1 files...
2023-11-30 10:34:20,486 - INFO - Processing completed...
2023-11-30 10:34:20,487 - INFO - Guardando resultado...
2023-11-30 10:34:20,489 - INFO - Resultado almacenado
2023-11-30 10:34:59,862 - INFO - --- Starting script ---
2023-11-30 10:34:59,862 - INFO - Starting processing log Files...
2023-11-30 10:34:59,863 - INFO - File search results: 1 files...
2023-11-30 10:34:59,869 - INFO - Processing completed...
2023-11-30 10:34:59,869 - INFO - Guardando resultado...
2023-11-30 10:34:59,871 - INFO - Resultado almacenado
2023-11-30 10:35:13,482 - INFO - --- Starting script ---
2023-11-30 10:35:13,482 - INFO - Starting processing log Files...
2023-11-30 10:35:13,482 - INFO - File search results: 1 files...
2023-11-30 10:35:13,482 - INFO - Processing completed...
2023-11-30 10:35:13,482 - INFO - Guardando resultado...
2023-11-30 10:35:13,500 - INFO - Resultado almacenado
2023-11-30 10:35:37,974 - INFO - --- Starting script ---
2023-11-30 10:35:37,975 - INFO - Starting processing log Files...
2023-11-30 10:35:37,975 - INFO - File search results: 1 files...
2023-11-30 10:35:37,982 - INFO - Processing completed...
2023-11-30 10:35:37,982 - INFO - Guardando resultado...
2023-11-30 10:35:37,984 - INFO - Resultado almacenado
2023-11-30 10:36:00,036 - INFO - --- Starting script ---
2023-11-30 10:36:00,036 - INFO - Starting processing log Files...
2023-11-30 10:36:00,036 - INFO - File search results: 1 files...
2023-11-30 10:36:00,043 - INFO - Processing completed...
2023-11-30 10:36:00,043 - INFO - Guardando resultado...
2023-11-30 10:36:00,044 - INFO - Resultado almacenado
2023-11-30 10:36:02,168 - INFO - --- Starting script ---
2023-11-30 10:36:02,169 - INFO - Starting processing log Files...
2023-11-30 10:36:02,169 - INFO - File search results: 1 files...
2023-11-30 10:36:02,176 - INFO - Processing completed...
2023-11-30 10:36:02,176 - INFO - Guardando resultado...
2023-11-30 10:36:02,178 - INFO - Resultado almacenado
2023-11-30 10:36:38,667 - INFO - --- Starting script ---
2023-11-30 10:36:38,668 - INFO - Starting processing log Files...
2023-11-30 10:36:38,668 - INFO - File search results: 1 files...
2023-11-30 10:36:38,668 - INFO - Processing completed...
2023-11-30 10:36:38,668 - INFO - Guardando resultado...
2023-11-30 10:36:38,668 - INFO - Resultado almacenado
2023-11-30 10:46:48,215 - INFO - --- Starting script ---
2023-11-30 10:46:48,215 - INFO - Starting processing log Files...
2023-11-30 10:46:48,215 - INFO - File search results: 1 files...
2023-11-30 10:46:48,215 - INFO - Processing completed...
2023-11-30 10:46:48,215 - INFO - Guardando resultado...
2023-11-30 10:46:48,232 - INFO - Resultado almacenado
2023-11-30 10:47:48,601 - INFO - --- Starting script ---
2023-11-30 10:47:48,601 - INFO - Starting processing log Files...
2023-11-30 10:47:48,601 - INFO - File search results: 1 files...
2023-11-30 10:47:48,618 - INFO - Processing completed...
2023-11-30 10:47:48,618 - INFO - Guardando resultado...
2023-11-30 10:47:48,618 - INFO - Resultado almacenado
2023-11-30 10:49:47,835 - INFO - --- Starting script ---
2023-11-30 10:49:47,835 - INFO - Starting processing log Files...
2023-11-30 10:49:47,836 - INFO - File search results: 1 files...
2023-11-30 10:49:47,838 - INFO - Processing completed...
2023-11-30 10:49:47,838 - INFO - Guardando resultado...
2023-11-30 10:49:47,849 - INFO - Resultado almacenado
2023-11-30 10:54:34,630 - INFO - --- Starting script ---
2023-11-30 10:54:34,630 - INFO - Starting processing log Files...
2023-11-30 10:54:34,630 - INFO - File search results: 1 files...
2023-11-30 10:54:34,630 - INFO - Processing completed...
2023-11-30 10:54:34,630 - INFO - Guardando resultado...
2023-11-30 10:54:34,630 - INFO - Resultado almacenado
2023-11-30 10:55:00,968 - INFO - --- Starting script ---
2023-11-30 10:55:00,969 - INFO - Starting processing log Files...
2023-11-30 10:55:00,969 - INFO - File search results: 1 files...
2023-11-30 10:55:00,975 - INFO - Processing completed...
2023-11-30 10:55:00,975 - INFO - Guardando resultado...
2023-11-30 10:55:00,977 - INFO - Resultado almacenado
2023-11-30 10:55:24,082 - INFO - --- Starting script ---
2023-11-30 10:55:24,082 - INFO - Starting processing log Files...
2023-11-30 10:55:24,082 - INFO - File search results: 1 files...
2023-11-30 10:55:24,082 - INFO - Processing completed...
2023-11-30 10:55:24,082 - INFO - Guardando resultado...
2023-11-30 10:55:24,095 - INFO - Resultado almacenado
2023-11-30 10:55:34,468 - INFO - --- Starting script ---
2023-11-30 10:55:34,468 - INFO - Starting processing log Files...
2023-11-30 10:55:34,468 - INFO - File search results: 1 files...
2023-11-30 10:55:34,476 - INFO - Processing completed...
2023-11-30 10:55:34,476 - INFO - Guardando resultado...
2023-11-30 10:55:34,479 - INFO - Resultado almacenado
2023-11-30 10:59:05,573 - INFO - --- Starting script ---
2023-11-30 10:59:05,574 - INFO - Starting processing log Files...
2023-11-30 10:59:05,574 - INFO - File search results: 1 files...
2023-11-30 10:59:05,580 - INFO - Processing completed...
2023-11-30 10:59:05,580 - INFO - Guardando resultado...
2023-11-30 10:59:05,580 - INFO - Resultado almacenado
2023-11-30 10:59:28,055 - INFO - --- Starting script ---
2023-11-30 10:59:28,056 - INFO - Starting processing log Files...
2023-11-30 10:59:28,056 - INFO - File search results: 1 files...
2023-11-30 10:59:28,063 - INFO - Processing completed...
2023-11-30 10:59:28,063 - INFO - Guardando resultado...
2023-11-30 10:59:28,065 - INFO - Resultado almacenado
2023-11-30 11:00:21,797 - INFO - --- Starting script ---
2023-11-30 11:00:21,797 - INFO - Starting processing log Files...
2023-11-30 11:00:21,797 - INFO - File search results: 1 files...
2023-11-30 11:00:21,817 - INFO - Processing completed...
2023-11-30 11:00:21,817 - INFO - Guardando resultado...
2023-11-30 11:00:21,820 - INFO - Resultado almacenado
2023-11-30 11:00:49,381 - INFO - --- Starting script ---
2023-11-30 11:00:49,381 - INFO - Starting processing log Files...
2023-11-30 11:00:49,381 - INFO - File search results: 1 files...
2023-11-30 11:00:49,381 - INFO - Processing completed...
2023-11-30 11:00:49,381 - INFO - Guardando resultado...
2023-11-30 11:00:49,392 - INFO - Resultado almacenado
2023-11-30 11:01:18,264 - INFO - --- Starting script ---
2023-11-30 11:01:18,264 - INFO - Starting processing log Files...
2023-11-30 11:01:18,264 - INFO - File search results: 1 files...
2023-11-30 11:01:18,264 - INFO - Processing completed...
2023-11-30 11:01:18,264 - INFO - Guardando resultado...
2023-11-30 11:01:18,277 - INFO - Resultado almacenado
2023-11-30 11:01:47,245 - INFO - --- Starting script ---
2023-11-30 11:01:47,246 - INFO - Starting processing log Files...
2023-11-30 11:01:47,246 - INFO - File search results: 1 files...
2023-11-30 11:01:47,246 - INFO - Processing completed...
2023-11-30 11:01:47,246 - INFO - Guardando resultado...
2023-11-30 11:01:47,246 - INFO - Resultado almacenado
2023-11-30 11:02:00,977 - INFO - --- Starting script ---
2023-11-30 11:02:00,977 - INFO - Starting processing log Files...
2023-11-30 11:02:00,978 - INFO - File search results: 1 files...
2023-11-30 11:02:00,984 - INFO - Processing completed...
2023-11-30 11:02:00,984 - INFO - Guardando resultado...
2023-11-30 11:02:00,986 - INFO - Resultado almacenado
2023-11-30 11:02:10,942 - INFO - --- Starting script ---
2023-11-30 11:02:10,944 - INFO - Starting processing log Files...
2023-11-30 11:02:10,944 - INFO - File search results: 1 files...
2023-11-30 11:02:10,956 - INFO - Processing completed...
2023-11-30 11:02:10,956 - INFO - Guardando resultado...
2023-11-30 11:02:10,960 - INFO - Resultado almacenado
2023-11-30 11:02:45,302 - INFO - --- Starting script ---
2023-11-30 11:02:45,302 - INFO - Starting processing log Files...
2023-11-30 11:02:45,302 - INFO - File search results: 1 files...
2023-11-30 11:02:45,318 - INFO - Processing completed...
2023-11-30 11:02:45,318 - INFO - Guardando resultado...
2023-11-30 11:02:45,324 - INFO - Resultado almacenado
2023-11-30 11:02:57,667 - INFO - --- Starting script ---
2023-11-30 11:02:57,667 - INFO - Starting processing log Files...
2023-11-30 11:02:57,667 - INFO - File search results: 1 files...
2023-11-30 11:02:57,680 - INFO - Processing completed...
2023-11-30 11:02:57,680 - INFO - Guardando resultado...
2023-11-30 11:02:57,680 - INFO - Resultado almacenado
2023-11-30 11:03:09,012 - INFO - --- Starting script ---
2023-11-30 11:03:09,012 - INFO - Starting processing log Files...
2023-11-30 11:03:09,013 - INFO - File search results: 1 files...
2023-11-30 11:03:09,022 - INFO - Processing completed...
2023-11-30 11:03:09,022 - INFO - Guardando resultado...
2023-11-30 11:03:09,024 - INFO - Resultado almacenado
2023-11-30 11:04:02,635 - INFO - --- Starting script ---
2023-11-30 11:04:02,636 - INFO - Starting processing log Files...
2023-11-30 11:04:02,636 - INFO - File search results: 1 files...
2023-11-30 11:04:02,647 - INFO - Processing completed...
2023-11-30 11:04:02,647 - INFO - Guardando resultado...
2023-11-30 11:04:02,650 - INFO - Resultado almacenado
2023-11-30 11:04:20,200 - INFO - --- Starting script ---
2023-11-30 11:04:20,201 - INFO - Starting processing log Files...
2023-11-30 11:04:20,201 - INFO - File search results: 1 files...
2023-11-30 11:04:20,207 - INFO - Processing completed...
2023-11-30 11:04:20,207 - INFO - Guardando resultado...
2023-11-30 11:04:20,210 - INFO - Resultado almacenado
2023-11-30 11:04:34,724 - INFO - --- Starting script ---
2023-11-30 11:04:34,724 - INFO - Starting processing log Files...
2023-11-30 11:04:34,725 - INFO - File search results: 1 files...
2023-11-30 11:04:34,731 - INFO - Processing completed...
2023-11-30 11:04:34,731 - INFO - Guardando resultado...
2023-11-30 11:04:34,733 - INFO - Resultado almacenado
2023-11-30 11:06:02,113 - INFO - --- Starting script ---
2023-11-30 11:06:02,113 - INFO - Starting processing log Files...
2023-11-30 11:06:02,113 - INFO - File search results: 1 files...
2023-11-30 11:06:02,129 - INFO - Processing completed...
2023-11-30 11:06:02,129 - INFO - Guardando resultado...
2023-11-30 11:06:02,129 - INFO - Resultado almacenado
2023-11-30 11:06:58,731 - INFO - --- Starting script ---
2023-11-30 11:06:58,732 - INFO - Starting processing log Files...
2023-11-30 11:06:58,732 - INFO - File search results: 1 files...
2023-11-30 11:06:58,738 - INFO - Processing completed...
2023-11-30 11:06:58,739 - INFO - Guardando resultado...
2023-11-30 11:06:58,741 - INFO - Resultado almacenado
2023-11-30 11:07:33,605 - INFO - --- Starting script ---
2023-11-30 11:07:33,606 - INFO - Starting processing log Files...
2023-11-30 11:07:33,606 - INFO - File search results: 1 files...
2023-11-30 11:07:33,613 - INFO - Processing completed...
2023-11-30 11:07:33,613 - INFO - Guardando resultado...
2023-11-30 11:07:33,616 - INFO - Resultado almacenado
2023-11-30 11:08:44,820 - INFO - --- Starting script ---
2023-11-30 11:08:44,820 - INFO - Starting processing log Files...
2023-11-30 11:08:44,820 - INFO - File search results: 1 files...
2023-11-30 11:08:44,835 - INFO - Processing completed...
2023-11-30 11:08:44,835 - INFO - Guardando resultado...
2023-11-30 11:08:44,835 - INFO - Resultado almacenado
2023-11-30 11:09:15,809 - INFO - --- Starting script ---
2023-11-30 11:09:15,809 - INFO - Starting processing log Files...
2023-11-30 11:09:15,809 - INFO - File search results: 1 files...
2023-11-30 11:09:15,829 - INFO - Processing completed...
2023-11-30 11:09:15,830 - INFO - Guardando resultado...
2023-11-30 11:09:15,832 - INFO - Resultado almacenado
2023-11-30 11:09:55,402 - INFO - --- Starting script ---
2023-11-30 11:09:55,402 - INFO - Starting processing log Files...
2023-11-30 11:09:55,402 - INFO - File search results: 1 files...
2023-11-30 11:09:55,402 - INFO - Processing completed...
2023-11-30 11:09:55,402 - INFO - Guardando resultado...
2023-11-30 11:09:55,402 - INFO - Resultado almacenado
2023-11-30 11:20:36,057 - INFO - --- Starting script ---
2023-11-30 11:20:36,057 - INFO - Starting processing log Files...
2023-11-30 11:20:36,057 - INFO - File search results: 1 files...
2023-11-30 11:20:36,071 - INFO - Processing completed...
2023-11-30 11:20:36,071 - INFO - Guardando resultado...
2023-11-30 11:20:36,073 - INFO - Resultado almacenado
2023-11-30 11:20:54,839 - INFO - --- Starting script ---
2023-11-30 11:20:54,839 - INFO - Starting processing log Files...
2023-11-30 11:20:54,839 - INFO - File search results: 1 files...
2023-11-30 11:20:54,846 - INFO - Processing completed...
2023-11-30 11:20:54,846 - INFO - Guardando resultado...
2023-11-30 11:20:54,847 - INFO - Resultado almacenado
2023-11-30 11:21:14,611 - INFO - --- Starting script ---
2023-11-30 11:21:14,613 - INFO - Starting processing log Files...
2023-11-30 11:21:14,613 - INFO - File search results: 1 files...
2023-11-30 11:21:14,620 - INFO - Processing completed...
2023-11-30 11:21:14,620 - INFO - Guardando resultado...
2023-11-30 11:21:14,622 - INFO - Resultado almacenado
2023-11-30 11:21:53,223 - INFO - --- Starting script ---
2023-11-30 11:21:53,223 - INFO - Starting processing log Files...
2023-11-30 11:21:53,223 - INFO - File search results: 1 files...
2023-11-30 11:21:53,239 - INFO - Processing completed...
2023-11-30 11:21:53,239 - INFO - Guardando resultado...
2023-11-30 11:21:53,239 - INFO - Resultado almacenado
2023-11-30 11:24:13,053 - INFO - --- Starting script ---
2023-11-30 11:24:13,053 - INFO - Starting processing log Files...
2023-11-30 11:24:13,053 - INFO - File search results: 1 files...
2023-11-30 11:24:13,053 - INFO - Processing completed...
2023-11-30 11:24:13,053 - INFO - Guardando resultado...
2023-11-30 11:24:13,053 - INFO - Resultado almacenado
2023-11-30 11:24:48,830 - INFO - --- Starting script ---
2023-11-30 11:24:48,831 - INFO - Starting processing log Files...
2023-11-30 11:24:48,831 - INFO - File search results: 1 files...
2023-11-30 11:24:48,838 - INFO - Processing completed...
2023-11-30 11:24:48,838 - INFO - Guardando resultado...
2023-11-30 11:24:48,840 - INFO - Resultado almacenado
2023-11-30 11:28:30,671 - INFO - --- Starting script ---
2023-11-30 11:28:30,671 - INFO - Starting processing log Files...
2023-11-30 11:28:30,671 - INFO - File search results: 1 files...
2023-11-30 11:30:55,994 - INFO - --- Starting script ---
2023-11-30 11:30:55,994 - INFO - Starting processing log Files...
2023-11-30 11:30:55,995 - INFO - File search results: 1 files...
2023-11-30 11:30:56,002 - INFO - Processing completed...
2023-11-30 11:30:56,002 - INFO - Guardando resultado...
2023-11-30 11:30:56,004 - INFO - Resultado almacenado
2023-11-30 11:31:21,932 - INFO - --- Starting script ---
2023-11-30 11:31:21,933 - INFO - Starting processing log Files...
2023-11-30 11:31:21,934 - INFO - File search results: 1 files...
2023-11-30 11:31:21,940 - INFO - Processing completed...
2023-11-30 11:31:21,940 - INFO - Guardando resultado...
2023-11-30 11:31:21,942 - INFO - Resultado almacenado
2023-11-30 11:31:31,269 - INFO - --- Starting script ---
2023-11-30 11:31:31,270 - INFO - Starting processing log Files...
2023-11-30 11:31:31,271 - INFO - File search results: 1 files...
2023-11-30 11:31:31,277 - INFO - Processing completed...
2023-11-30 11:31:31,277 - INFO - Guardando resultado...
2023-11-30 11:31:31,280 - INFO - Resultado almacenado
2023-11-30 11:32:21,002 - INFO - --- Starting script ---
2023-11-30 11:32:21,002 - INFO - Starting processing log Files...
2023-11-30 11:32:21,002 - INFO - File search results: 1 files...
2023-11-30 11:32:21,002 - INFO - Processing completed...
2023-11-30 11:32:21,002 - INFO - Guardando resultado...
2023-11-30 11:32:21,018 - INFO - Resultado almacenado
2023-11-30 11:33:00,267 - INFO - --- Starting script ---
2023-11-30 11:33:00,267 - INFO - Starting processing log Files...
2023-11-30 11:33:00,267 - INFO - File search results: 1 files...
2023-11-30 11:33:00,267 - INFO - Processing completed...
2023-11-30 11:33:00,267 - INFO - Guardando resultado...
2023-11-30 11:33:00,267 - INFO - Resultado almacenado
2023-11-30 11:33:21,087 - INFO - --- Starting script ---
2023-11-30 11:33:21,088 - INFO - Starting processing log Files...
2023-11-30 11:33:21,089 - INFO - File search results: 1 files...
2023-11-30 11:33:21,095 - INFO - Processing completed...
2023-11-30 11:33:21,096 - INFO - Guardando resultado...
2023-11-30 11:33:21,098 - INFO - Resultado almacenado
2023-11-30 11:33:35,419 - INFO - --- Starting script ---
2023-11-30 11:33:35,419 - INFO - Starting processing log Files...
2023-11-30 11:33:35,420 - INFO - File search results: 1 files...
2023-11-30 11:33:35,421 - INFO - Processing completed...
2023-11-30 11:33:35,421 - INFO - Guardando resultado...
2023-11-30 11:33:35,432 - INFO - Resultado almacenado
2023-11-30 11:33:53,866 - INFO - --- Starting script ---
2023-11-30 11:33:53,866 - INFO - Starting processing log Files...
2023-11-30 11:33:53,866 - INFO - File search results: 1 files...
2023-11-30 11:33:53,873 - INFO - Processing completed...
2023-11-30 11:33:53,873 - INFO - Guardando resultado...
2023-11-30 11:33:53,875 - INFO - Resultado almacenado
2023-11-30 11:34:20,348 - INFO - --- Starting script ---
2023-11-30 11:34:20,348 - INFO - Starting processing log Files...
2023-11-30 11:34:20,348 - INFO - File search results: 1 files...
2023-11-30 11:34:20,348 - INFO - Processing completed...
2023-11-30 11:34:20,348 - INFO - Guardando resultado...
2023-11-30 11:34:20,348 - INFO - Resultado almacenado
2023-11-30 11:34:33,465 - INFO - --- Starting script ---
2023-11-30 11:34:33,466 - INFO - Starting processing log Files...
2023-11-30 11:34:33,466 - INFO - File search results: 1 files...
2023-11-30 11:34:33,472 - INFO - Processing completed...
2023-11-30 11:34:33,473 - INFO - Guardando resultado...
2023-11-30 11:34:33,475 - INFO - Resultado almacenado
2023-11-30 11:35:37,468 - INFO - --- Starting script ---
2023-11-30 11:35:37,468 - INFO - Starting processing log Files...
2023-11-30 11:35:37,468 - INFO - File search results: 1 files...
2023-11-30 11:35:37,484 - INFO - Processing completed...
2023-11-30 11:35:37,484 - INFO - Guardando resultado...
2023-11-30 11:35:37,484 - INFO - Resultado almacenado
2023-11-30 11:35:56,100 - INFO - --- Starting script ---
2023-11-30 11:35:56,100 - INFO - Starting processing log Files...
2023-11-30 11:35:56,100 - INFO - File search results: 1 files...
2023-11-30 11:35:56,100 - INFO - Processing completed...
2023-11-30 11:35:56,100 - INFO - Guardando resultado...
2023-11-30 11:35:56,100 - INFO - Resultado almacenado
2023-11-30 11:36:20,853 - INFO - --- Starting script ---
2023-11-30 11:36:20,853 - INFO - Starting processing log Files...
2023-11-30 11:36:20,853 - INFO - File search results: 1 files...
2023-11-30 11:36:20,853 - INFO - Processing completed...
2023-11-30 11:36:20,853 - INFO - Guardando resultado...
2023-11-30 11:36:20,853 - INFO - Resultado almacenado
2023-11-30 11:36:37,676 - INFO - --- Starting script ---
2023-11-30 11:36:37,677 - INFO - Starting processing log Files...
2023-11-30 11:36:37,677 - INFO - File search results: 1 files...
2023-11-30 11:36:37,688 - INFO - Processing completed...
2023-11-30 11:36:37,688 - INFO - Guardando resultado...
2023-11-30 11:36:37,692 - INFO - Resultado almacenado
2023-11-30 11:36:47,334 - INFO - --- Starting script ---
2023-11-30 11:36:47,335 - INFO - Starting processing log Files...
2023-11-30 11:36:47,335 - INFO - File search results: 1 files...
2023-11-30 11:36:47,342 - INFO - Processing completed...
2023-11-30 11:36:47,342 - INFO - Guardando resultado...
2023-11-30 11:36:47,344 - INFO - Resultado almacenado
2023-11-30 11:36:55,367 - INFO - --- Starting script ---
2023-11-30 11:36:55,367 - INFO - Starting processing log Files...
2023-11-30 11:36:55,367 - INFO - File search results: 1 files...
2023-11-30 11:36:55,384 - INFO - Processing completed...
2023-11-30 11:36:55,384 - INFO - Guardando resultado...
2023-11-30 11:36:55,384 - INFO - Resultado almacenado
2023-11-30 11:39:15,350 - INFO - --- Starting script ---
2023-11-30 11:39:15,350 - INFO - Starting processing log Files...
2023-11-30 11:39:15,350 - INFO - File search results: 1 files...
2023-11-30 11:39:15,367 - INFO - Processing completed...
2023-11-30 11:39:15,367 - INFO - Guardando resultado...
2023-11-30 11:39:15,367 - INFO - Resultado almacenado
2023-11-30 11:39:29,148 - INFO - --- Starting script ---
2023-11-30 11:39:29,163 - INFO - Starting processing log Files...
2023-11-30 11:39:29,163 - INFO - File search results: 1 files...
2023-11-30 11:39:29,165 - INFO - Processing completed...
2023-11-30 11:39:29,165 - INFO - Guardando resultado...
2023-11-30 11:39:29,165 - INFO - Resultado almacenado
2023-11-30 11:39:52,683 - INFO - --- Starting script ---
2023-11-30 11:39:52,683 - INFO - Starting processing log Files...
2023-11-30 11:39:52,684 - INFO - File search results: 1 files...
2023-11-30 11:39:52,691 - INFO - Processing completed...
2023-11-30 11:39:52,691 - INFO - Guardando resultado...
2023-11-30 11:39:52,693 - INFO - Resultado almacenado
2023-11-30 11:41:00,962 - INFO - --- Starting script ---
2023-11-30 11:41:00,962 - INFO - Starting processing log Files...
2023-11-30 11:41:00,963 - INFO - File search results: 1 files...
2023-11-30 11:41:00,970 - INFO - Processing completed...
2023-11-30 11:41:00,970 - INFO - Guardando resultado...
2023-11-30 11:41:00,972 - INFO - Resultado almacenado
2023-11-30 11:41:28,398 - INFO - --- Starting script ---
2023-11-30 11:41:28,398 - INFO - Starting processing log Files...
2023-11-30 11:41:28,398 - INFO - File search results: 1 files...
2023-11-30 11:41:28,416 - INFO - Processing completed...
2023-11-30 11:41:28,416 - INFO - Guardando resultado...
2023-11-30 11:41:28,416 - INFO - Resultado almacenado
2023-11-30 11:41:43,554 - INFO - --- Starting script ---
2023-11-30 11:41:43,555 - INFO - Starting processing log Files...
2023-11-30 11:41:43,556 - INFO - File search results: 1 files...
2023-11-30 11:41:43,562 - INFO - Processing completed...
2023-11-30 11:41:43,562 - INFO - Guardando resultado...
2023-11-30 11:41:43,564 - INFO - Resultado almacenado
2023-11-30 11:41:58,166 - INFO - --- Starting script ---
2023-11-30 11:41:58,167 - INFO - Starting processing log Files...
2023-11-30 11:41:58,168 - INFO - File search results: 1 files...
2023-11-30 11:41:58,175 - INFO - Processing completed...
2023-11-30 11:41:58,175 - INFO - Guardando resultado...
2023-11-30 11:41:58,177 - INFO - Resultado almacenado
2023-11-30 11:42:46,783 - INFO - --- Starting script ---
2023-11-30 11:42:46,783 - INFO - Starting processing log Files...
2023-11-30 11:42:46,783 - INFO - File search results: 1 files...
2023-11-30 11:42:46,791 - INFO - Processing completed...
2023-11-30 11:42:46,791 - INFO - Guardando resultado...
2023-11-30 11:42:46,801 - INFO - Resultado almacenado
2023-11-30 11:43:46,659 - INFO - --- Starting script ---
2023-11-30 11:43:46,659 - INFO - Starting processing log Files...
2023-11-30 11:43:46,660 - INFO - File search results: 1 files...
2023-11-30 11:43:46,668 - INFO - Processing completed...
2023-11-30 11:43:46,668 - INFO - Guardando resultado...
2023-11-30 11:43:46,669 - INFO - Resultado almacenado
2023-11-30 11:46:22,348 - INFO - --- Starting script ---
2023-11-30 11:46:22,350 - INFO - Starting processing log Files...
2023-11-30 11:46:22,351 - INFO - File search results: 1 files...
2023-11-30 11:46:22,368 - INFO - Processing completed...
2023-11-30 11:46:22,368 - INFO - Guardando resultado...
2023-11-30 11:46:22,368 - INFO - Resultado almacenado
2023-11-30 11:46:45,014 - INFO - --- Starting script ---
2023-11-30 11:46:45,014 - INFO - Starting processing log Files...
2023-11-30 11:46:45,014 - INFO - File search results: 1 files...
2023-11-30 11:46:45,031 - INFO - Processing completed...
2023-11-30 11:46:45,031 - INFO - Guardando resultado...
2023-11-30 11:46:45,031 - INFO - Resultado almacenado
2023-11-30 11:48:05,277 - INFO - --- Starting script ---
2023-11-30 11:48:05,277 - INFO - Starting processing log Files...
2023-11-30 11:48:05,277 - INFO - File search results: 1 files...
2023-11-30 11:48:56,596 - INFO - Processing completed...
2023-11-30 11:48:56,596 - INFO - Guardando resultado...
2023-11-30 11:48:57,890 - INFO - Resultado almacenado
2023-11-30 11:52:46,842 - INFO - --- Starting script ---
2023-11-30 11:52:46,842 - INFO - Starting processing log Files...
2023-11-30 11:52:46,842 - INFO - File search results: 1 files...
2023-11-30 11:53:35,956 - INFO - Processing completed...
2023-11-30 11:53:35,956 - INFO - Guardando resultado...
2023-11-30 11:53:37,386 - INFO - Resultado almacenado
2023-11-30 12:17:35,634 - INFO - --- Starting script ---
2023-11-30 12:17:35,650 - INFO - Starting processing log Files...
2023-11-30 12:17:35,650 - INFO - File search results: 1 files...
2023-11-30 12:17:35,650 - INFO - Processing completed...
2023-11-30 12:17:35,650 - INFO - Guardando resultado...
2023-11-30 12:17:35,673 - INFO - Resultado almacenado
2023-11-30 12:17:44,110 - INFO - --- Starting script ---
2023-11-30 12:17:44,110 - INFO - Starting processing log Files...
2023-11-30 12:17:44,110 - INFO - File search results: 1 files...
2023-11-30 12:17:44,119 - INFO - Processing completed...
2023-11-30 12:17:44,119 - INFO - Guardando resultado...
2023-11-30 12:17:44,125 - INFO - Resultado almacenado
2023-11-30 12:17:58,678 - INFO - --- Starting script ---
2023-11-30 12:17:58,678 - INFO - Starting processing log Files...
2023-11-30 12:17:58,678 - INFO - File search results: 1 files...
2023-11-30 12:17:58,685 - INFO - Processing completed...
2023-11-30 12:17:58,685 - INFO - Guardando resultado...
2023-11-30 12:17:58,688 - INFO - Resultado almacenado
2023-11-30 12:19:27,236 - INFO - --- Starting script ---
2023-11-30 12:19:27,237 - INFO - Starting processing log Files...
2023-11-30 12:19:27,237 - INFO - File search results: 1 files...
2023-11-30 12:19:27,248 - INFO - Processing completed...
2023-11-30 12:19:27,248 - INFO - Guardando resultado...
2023-11-30 12:19:27,250 - INFO - Resultado almacenado
2023-11-30 12:20:05,159 - INFO - --- Starting script ---
2023-11-30 12:20:05,159 - INFO - Starting processing log Files...
2023-11-30 12:20:05,159 - INFO - File search results: 1 files...
2023-11-30 12:20:05,165 - INFO - Processing completed...
2023-11-30 12:20:05,165 - INFO - Guardando resultado...
2023-11-30 12:20:05,167 - INFO - Resultado almacenado
2023-11-30 12:22:04,112 - INFO - --- Starting script ---
2023-11-30 12:22:04,113 - INFO - Starting processing log Files...
2023-11-30 12:22:04,113 - INFO - File search results: 1 files...
2023-11-30 12:22:04,119 - INFO - Processing completed...
2023-11-30 12:22:04,120 - INFO - Guardando resultado...
2023-11-30 12:22:04,122 - INFO - Resultado almacenado
2023-11-30 12:23:20,098 - INFO - --- Starting script ---
2023-11-30 12:23:20,099 - INFO - Starting processing log Files...
2023-11-30 12:23:20,099 - INFO - File search results: 1 files...
2023-11-30 12:23:20,106 - INFO - Processing completed...
2023-11-30 12:23:20,106 - INFO - Guardando resultado...
2023-11-30 12:23:20,108 - INFO - Resultado almacenado
2023-11-30 12:24:49,440 - INFO - --- Starting script ---
2023-11-30 12:24:49,440 - INFO - Starting processing log Files...
2023-11-30 12:24:49,441 - INFO - File search results: 1 files...
2023-11-30 12:24:49,463 - INFO - Processing completed...
2023-11-30 12:24:49,463 - INFO - Guardando resultado...
2023-11-30 12:24:49,471 - INFO - Resultado almacenado
2023-11-30 12:27:29,741 - INFO - --- Starting script ---
2023-11-30 12:27:29,751 - INFO - Starting processing log Files...
2023-11-30 12:27:29,752 - INFO - File search results: 1 files...
2023-11-30 12:27:29,770 - INFO - Processing completed...
2023-11-30 12:27:29,770 - INFO - Guardando resultado...
2023-11-30 12:27:29,770 - INFO - Resultado almacenado
2023-11-30 12:28:52,087 - INFO - --- Starting script ---
2023-11-30 12:28:52,088 - INFO - Starting processing log Files...
2023-11-30 12:28:52,088 - INFO - File search results: 1 files...
2023-11-30 12:28:52,106 - INFO - Processing completed...
2023-11-30 12:28:52,107 - INFO - Guardando resultado...
2023-11-30 12:28:52,109 - INFO - Resultado almacenado
2023-11-30 12:29:05,821 - INFO - --- Starting script ---
2023-11-30 12:29:05,821 - INFO - Starting processing log Files...
2023-11-30 12:29:05,821 - INFO - File search results: 1 files...
2023-11-30 12:29:05,835 - INFO - Processing completed...
2023-11-30 12:29:05,835 - INFO - Guardando resultado...
2023-11-30 12:29:05,838 - INFO - Resultado almacenado
2023-11-30 12:31:32,886 - INFO - --- Starting script ---
2023-11-30 12:31:32,886 - INFO - Starting processing log Files...
2023-11-30 12:31:32,886 - INFO - File search results: 1 files...
2023-11-30 12:31:32,902 - INFO - Processing completed...
2023-11-30 12:31:32,902 - INFO - Guardando resultado...
2023-11-30 12:31:32,902 - INFO - Resultado almacenado
2023-11-30 12:32:22,753 - INFO - --- Starting script ---
2023-11-30 12:32:22,753 - INFO - Starting processing log Files...
2023-11-30 12:32:22,753 - INFO - File search results: 1 files...
2023-11-30 12:32:22,765 - INFO - Processing completed...
2023-11-30 12:32:22,766 - INFO - Guardando resultado...
2023-11-30 12:32:22,769 - INFO - Resultado almacenado
2023-11-30 12:33:12,216 - INFO - --- Starting script ---
2023-11-30 12:33:12,216 - INFO - Starting processing log Files...
2023-11-30 12:33:12,216 - INFO - File search results: 1 files...
2023-11-30 12:33:12,232 - INFO - Processing completed...
2023-11-30 12:33:12,232 - INFO - Guardando resultado...
2023-11-30 12:33:12,236 - INFO - Resultado almacenado
2023-11-30 12:35:08,099 - INFO - --- Starting script ---
2023-11-30 12:35:08,099 - INFO - Starting processing log Files...
2023-11-30 12:35:08,100 - INFO - File search results: 1 files...
2023-11-30 12:35:08,113 - INFO - Processing completed...
2023-11-30 12:35:08,113 - INFO - Guardando resultado...
2023-11-30 12:35:08,115 - INFO - Resultado almacenado
2023-11-30 12:36:05,095 - INFO - --- Starting script ---
2023-11-30 12:36:05,095 - INFO - Starting processing log Files...
2023-11-30 12:36:05,096 - INFO - File search results: 1 files...
2023-11-30 12:36:05,110 - INFO - Processing completed...
2023-11-30 12:36:05,111 - INFO - Guardando resultado...
2023-11-30 12:36:05,113 - INFO - Resultado almacenado
2023-11-30 12:36:32,599 - INFO - --- Starting script ---
2023-11-30 12:36:32,599 - INFO - Starting processing log Files...
2023-11-30 12:36:32,599 - INFO - File search results: 1 files...
2023-11-30 12:36:32,623 - INFO - Processing completed...
2023-11-30 12:36:32,623 - INFO - Guardando resultado...
2023-11-30 12:36:32,623 - INFO - Resultado almacenado
2023-11-30 12:36:53,941 - INFO - --- Starting script ---
2023-11-30 12:36:53,941 - INFO - Starting processing log Files...
2023-11-30 12:36:53,941 - INFO - File search results: 1 files...
2023-11-30 12:36:53,950 - INFO - Processing completed...
2023-11-30 12:36:53,950 - INFO - Guardando resultado...
2023-11-30 12:36:53,950 - INFO - Resultado almacenado
2023-11-30 12:39:41,931 - INFO - --- Starting script ---
2023-11-30 12:39:41,931 - INFO - Starting processing log Files...
2023-11-30 12:39:41,931 - INFO - File search results: 1 files...
2023-11-30 12:39:41,947 - INFO - Processing completed...
2023-11-30 12:39:41,947 - INFO - Guardando resultado...
2023-11-30 12:39:41,947 - INFO - Resultado almacenado
2023-11-30 12:41:08,011 - INFO - --- Starting script ---
2023-11-30 12:41:08,012 - INFO - Starting processing log Files...
2023-11-30 12:41:08,012 - INFO - File search results: 1 files...
2023-11-30 12:41:08,024 - INFO - Processing completed...
2023-11-30 12:41:08,024 - INFO - Guardando resultado...
2023-11-30 12:41:08,027 - INFO - Resultado almacenado
2023-11-30 12:42:05,562 - INFO - --- Starting script ---
2023-11-30 12:42:05,564 - INFO - Starting processing log Files...
2023-11-30 12:42:05,564 - INFO - File search results: 1 files...
2023-11-30 12:42:05,582 - INFO - Processing completed...
2023-11-30 12:42:05,582 - INFO - Guardando resultado...
2023-11-30 12:42:05,585 - INFO - Resultado almacenado
2023-11-30 12:42:24,166 - INFO - --- Starting script ---
2023-11-30 12:42:24,166 - INFO - Starting processing log Files...
2023-11-30 12:42:24,166 - INFO - File search results: 1 files...
2023-11-30 12:42:24,182 - INFO - Processing completed...
2023-11-30 12:42:24,182 - INFO - Guardando resultado...
2023-11-30 12:42:24,184 - INFO - Resultado almacenado
2023-11-30 12:42:54,102 - INFO - --- Starting script ---
2023-11-30 12:42:54,102 - INFO - Starting processing log Files...
2023-11-30 12:42:54,103 - INFO - File search results: 1 files...
2023-11-30 12:42:54,115 - INFO - Processing completed...
2023-11-30 12:42:54,115 - INFO - Guardando resultado...
2023-11-30 12:42:54,117 - INFO - Resultado almacenado
2023-11-30 12:43:14,432 - INFO - --- Starting script ---
2023-11-30 12:43:14,432 - INFO - Starting processing log Files...
2023-11-30 12:43:14,432 - INFO - File search results: 1 files...
2023-11-30 12:43:14,451 - INFO - Processing completed...
2023-11-30 12:43:14,451 - INFO - Guardando resultado...
2023-11-30 12:43:14,451 - INFO - Resultado almacenado
2023-11-30 12:45:29,903 - INFO - --- Starting script ---
2023-11-30 12:45:29,903 - INFO - Starting processing log Files...
2023-11-30 12:45:29,903 - INFO - File search results: 1 files...
2023-11-30 12:45:29,917 - INFO - Processing completed...
2023-11-30 12:45:29,917 - INFO - Guardando resultado...
2023-11-30 12:45:29,919 - INFO - Resultado almacenado
2023-11-30 14:32:35,822 - INFO - --- Starting script ---
2023-11-30 14:32:35,823 - INFO - Starting processing log Files...
2023-11-30 14:32:35,823 - INFO - File search results: 1 files...
2023-11-30 14:32:35,838 - INFO - Processing completed...
2023-11-30 14:32:35,838 - INFO - Guardando resultado...
2023-11-30 14:32:35,838 - INFO - Resultado almacenado
2023-11-30 14:32:52,670 - INFO - --- Starting script ---
2023-11-30 14:32:52,671 - INFO - Starting processing log Files...
2023-11-30 14:32:52,671 - INFO - File search results: 1 files...
2023-11-30 14:32:52,678 - INFO - Processing completed...
2023-11-30 14:32:52,678 - INFO - Guardando resultado...
2023-11-30 14:32:52,681 - INFO - Resultado almacenado
2023-11-30 14:33:19,669 - INFO - --- Starting script ---
2023-11-30 14:33:19,669 - INFO - Starting processing log Files...
2023-11-30 14:33:19,669 - INFO - File search results: 1 files...
2023-11-30 14:33:19,686 - INFO - Processing completed...
2023-11-30 14:33:19,686 - INFO - Guardando resultado...
2023-11-30 14:33:19,686 - INFO - Resultado almacenado
2023-11-30 14:33:37,127 - INFO - --- Starting script ---
2023-11-30 14:33:37,127 - INFO - Starting processing log Files...
2023-11-30 14:33:37,127 - INFO - File search results: 1 files...
2023-11-30 14:33:37,134 - INFO - Processing completed...
2023-11-30 14:33:37,134 - INFO - Guardando resultado...
2023-11-30 14:33:37,137 - INFO - Resultado almacenado
2023-11-30 14:33:52,847 - INFO - --- Starting script ---
2023-11-30 14:33:52,847 - INFO - Starting processing log Files...
2023-11-30 14:33:52,848 - INFO - File search results: 1 files...
2023-11-30 14:33:52,855 - INFO - Processing completed...
2023-11-30 14:33:52,855 - INFO - Guardando resultado...
2023-11-30 14:33:52,858 - INFO - Resultado almacenado
2023-11-30 14:34:07,150 - INFO - --- Starting script ---
2023-11-30 14:34:07,151 - INFO - Starting processing log Files...
2023-11-30 14:34:07,151 - INFO - File search results: 1 files...
2023-11-30 14:34:07,157 - INFO - Processing completed...
2023-11-30 14:34:07,157 - INFO - Guardando resultado...
2023-11-30 14:34:07,159 - INFO - Resultado almacenado
2023-11-30 14:34:19,236 - INFO - --- Starting script ---
2023-11-30 14:34:19,236 - INFO - Starting processing log Files...
2023-11-30 14:34:19,236 - INFO - File search results: 1 files...
2023-11-30 14:34:19,236 - INFO - Processing completed...
2023-11-30 14:34:19,236 - INFO - Guardando resultado...
2023-11-30 14:34:19,252 - INFO - Resultado almacenado
2023-11-30 14:34:42,483 - INFO - --- Starting script ---
2023-11-30 14:34:42,484 - INFO - Starting processing log Files...
2023-11-30 14:34:42,485 - INFO - File search results: 1 files...
2023-11-30 14:34:42,486 - INFO - Processing completed...
2023-11-30 14:34:42,486 - INFO - Guardando resultado...
2023-11-30 14:34:42,486 - INFO - Resultado almacenado
2023-11-30 14:41:10,517 - INFO - --- Starting script ---
2023-11-30 14:41:10,517 - INFO - Starting processing log Files...
2023-11-30 14:41:10,517 - INFO - File search results: 1 files...
2023-11-30 14:41:10,534 - INFO - Processing completed...
2023-11-30 14:41:10,535 - INFO - Guardando resultado...
2023-11-30 14:41:10,537 - INFO - Resultado almacenado
2023-11-30 14:41:23,148 - INFO - --- Starting script ---
2023-11-30 14:41:23,148 - INFO - Starting processing log Files...
2023-11-30 14:41:23,148 - INFO - File search results: 1 files...
2023-11-30 14:41:23,161 - INFO - Processing completed...
2023-11-30 14:41:23,161 - INFO - Guardando resultado...
2023-11-30 14:41:23,163 - INFO - Resultado almacenado
2023-11-30 14:41:52,918 - INFO - --- Starting script ---
2023-11-30 14:41:52,919 - INFO - Starting processing log Files...
2023-11-30 14:41:52,919 - INFO - File search results: 1 files...
2023-11-30 14:41:52,926 - INFO - Processing completed...
2023-11-30 14:41:52,926 - INFO - Guardando resultado...
2023-11-30 14:41:52,928 - INFO - Resultado almacenado
2023-11-30 16:29:47,213 - INFO - --- Starting script ---
2023-11-30 16:29:47,213 - INFO - Starting processing log Files...
2023-11-30 16:29:47,213 - INFO - File search results: 1 files...
2023-11-30 16:29:47,230 - INFO - Processing completed...
2023-11-30 16:29:47,230 - INFO - Guardando resultado...
2023-11-30 16:29:47,237 - INFO - Resultado almacenado
2023-11-30 16:29:58,464 - INFO - --- Starting script ---
2023-11-30 16:29:58,465 - INFO - Starting processing log Files...
2023-11-30 16:29:58,465 - INFO - File search results: 1 files...
2023-11-30 16:29:58,465 - INFO - Processing completed...
2023-11-30 16:29:58,465 - INFO - Guardando resultado...
2023-11-30 16:29:58,465 - INFO - Resultado almacenado
2023-11-30 16:30:01,823 - INFO - --- Starting script ---
2023-11-30 16:30:01,823 - INFO - Starting processing log Files...
2023-11-30 16:30:01,823 - INFO - File search results: 1 files...
2023-11-30 16:30:01,827 - INFO - Processing completed...
2023-11-30 16:30:01,827 - INFO - Guardando resultado...
2023-11-30 16:30:01,832 - INFO - Resultado almacenado
2023-11-30 16:30:55,009 - INFO - --- Starting script ---
2023-11-30 16:30:55,010 - INFO - Starting processing log Files...
2023-11-30 16:30:55,010 - INFO - File search results: 1 files...
2023-11-30 16:30:55,033 - INFO - Processing completed...
2023-11-30 16:30:55,033 - INFO - Guardando resultado...
2023-11-30 16:30:55,035 - INFO - Resultado almacenado
2023-11-30 16:31:48,680 - INFO - --- Starting script ---
2023-11-30 16:31:48,680 - INFO - Starting processing log Files...
2023-11-30 16:31:48,680 - INFO - File search results: 1 files...
2023-11-30 16:31:48,695 - INFO - Processing completed...
2023-11-30 16:31:48,695 - INFO - Guardando resultado...
2023-11-30 16:31:48,698 - INFO - Resultado almacenado
2023-11-30 16:32:14,868 - INFO - --- Starting script ---
2023-11-30 16:32:14,868 - INFO - Starting processing log Files...
2023-11-30 16:32:14,869 - INFO - File search results: 1 files...
2023-11-30 16:32:14,878 - INFO - Processing completed...
2023-11-30 16:32:14,878 - INFO - Guardando resultado...
2023-11-30 16:32:14,878 - INFO - Resultado almacenado
2023-11-30 16:33:51,428 - INFO - --- Starting script ---
2023-11-30 16:33:51,429 - INFO - Starting processing log Files...
2023-11-30 16:33:51,429 - INFO - File search results: 1 files...
2023-11-30 16:33:51,433 - INFO - Processing completed...
2023-11-30 16:33:51,433 - INFO - Guardando resultado...
2023-11-30 16:33:51,433 - INFO - Resultado almacenado
2023-11-30 16:38:57,316 - INFO - --- Starting script ---
2023-11-30 16:38:57,316 - INFO - Starting processing log Files...
2023-11-30 16:38:57,317 - INFO - File search results: 3 files...
2023-11-30 16:38:57,343 - INFO - Ha terminado de procesar 2 archivos...
2023-11-30 16:38:57,343 - INFO - Processing completed...
2023-11-30 16:38:57,343 - INFO - Guardando resultado...
2023-11-30 16:38:57,343 - INFO - Resultado almacenado
2023-12-01 11:52:46,304 - INFO - --- Starting script ---
2023-12-01 11:52:46,320 - INFO - Starting processing log Files...
2023-12-01 11:52:46,320 - INFO - File search results: 3 files...
2023-12-01 11:52:46,398 - INFO - Ha terminado de procesar 2 archivos...
2023-12-01 11:52:46,414 - INFO - Processing completed...
2023-12-01 11:52:46,430 - INFO - Guardando resultado...
2023-12-01 11:52:46,447 - INFO - Resultado almacenado
2023-12-01 14:44:54,855 - INFO - --- Starting script ---
2023-12-01 14:44:54,901 - INFO - Starting processing log Files...
2023-12-01 14:44:54,902 - INFO - File search results: 3 files...
2023-12-01 14:44:54,951 - INFO - Ha terminado de procesar 2 archivos...
2023-12-01 14:44:54,957 - INFO - Processing completed...
2023-12-01 14:44:54,957 - INFO - Guardando resultado...
2023-12-01 14:44:54,962 - INFO - Resultado almacenado
2023-12-01 14:45:16,192 - INFO - --- Starting script ---
2023-12-01 14:45:16,192 - INFO - Starting processing log Files...
2023-12-01 14:45:16,192 - INFO - File search results: 3 files...
2023-12-01 14:45:16,202 - INFO - Ha terminado de procesar 2 archivos...
2023-12-01 14:45:16,206 - INFO - Processing completed...
2023-12-01 14:45:16,207 - INFO - Guardando resultado...
2023-12-01 14:45:16,209 - INFO - Resultado almacenado
2023-12-01 14:45:32,621 - INFO - --- Starting script ---
2023-12-01 14:45:32,621 - INFO - Starting processing log Files...
2023-12-01 14:45:32,621 - INFO - File search results: 3 files...
2023-12-01 14:45:32,626 - INFO - Ha terminado de procesar 2 archivos...
2023-12-01 14:45:32,626 - INFO - Processing completed...
2023-12-01 14:45:32,626 - INFO - Guardando resultado...
2023-12-01 14:45:32,640 - INFO - Resultado almacenado
