File: inputDuration\Limsp_act_1.log, Read Speed (MB/s): 237.024287666912
File: inputDuration\Limsp_act_1.log, Read Speed (MB/s): 278.6798780922676
File: inputDuration\Limsp_act_1 copy 2.log, Read Speed (MB/s): 280.248190259436
File: inputDuration\Limsp_act_1 copy.log, Read Speed (MB/s): 331.59719165643617
File: inputDuration\Limsp_act_1.log, Read Speed (MB/s): 313.64702608695654
File: inputDuration\Limsp_act_1 copy 2.log, Read Speed (MB/s): 133.13372477314283
File: inputDuration\Limsp_act_1 copy 3.log, Read Speed (MB/s): 311.7270377500984
File: inputDuration\Limsp_act_1 copy 4.log, Read Speed (MB/s): 301.59919728311206
File: inputDuration\Limsp_act_1 copy 5.log, Read Speed (MB/s): 280.45738073592037
File: inputDuration\Limsp_act_1 copy.log, Read Speed (MB/s): 296.9179347936212
File: inputDuration\Limsp_act_1.log, Read Speed (MB/s): 279.868156424581
File: inputDuration\Limsp_act_1.log, Read Speed (MB/s): 249.7323681418644
File: inputDuration\Limsp_act_1.log, Read Speed (MB/s): 373.4326034187272
File: inputDuration\Limsp.log, Read Speed (MB/s): 274.34148989946266
File: inputDuration\Limsp.log, Read Speed (MB/s): 223.9382899060136
File: inputDuration\Limsp.log, Read Speed (MB/s): 276.801783209683
File: inputDuration\Limsp.log, Read Speed (MB/s): 289.7432363627376
File: inputDuration\Limsp.log, Read Speed (MB/s): 219.98884547682584
File: inputDuration\Limsp.log, Read Speed (MB/s): 282.2195215900774
File: inputDuration\Limsp.log, Read Speed (MB/s): 246.53151800397893
File: inputDuration\Limsp_act_1.log, Read Speed (MB/s): 1.30758226037196
File: inputDuration\Limsp_act_1.log, Read Speed (MB/s): 3.021487603305785
File: inputDuration\Limsp_act_0.log, Read Speed (MB/s): 219.58806517387808
File: inputDuration\Limsp_act_1.log, Read Speed (MB/s): 115.27366902273002
File: inputDuration\Limsp_act_0.log, Read Speed (MB/s): 176.59769160408243
File: inputDuration\Limsp_act_1.log, Read Speed (MB/s): 202.53458274542103
File: inputDuration\Limsp_act_0.log, Read Speed (MB/s): 278.67508653312
File: inputDuration\Limsp_act_1.log, Read Speed (MB/s): 183.2337051955865
File: inputDuration\Limsp_act_0.log, Read Speed (MB/s): 280.28536362898336
File: inputDuration\Limsp_act_1.log, Read Speed (MB/s): 275.56207718486064
File: inputDuration\Limsp_act_0.log, Read Speed (MB/s): 131.11122627916586
File: inputDuration\Limsp_act_1.log, Read Speed (MB/s): 132.71266630539367
File: inputDuration/Limsp_act_0006.log, Read Speed (MB/s): 73.59784832128808
File: inputDuration/Limsp_act_0013.log, Read Speed (MB/s): 46.3381539704829
File: inputDuration/Limsp_act_0006.log, Read Speed (MB/s): 46.27160457308992
File: inputDuration/Limsp_act_0013.log, Read Speed (MB/s): 28.100420837726364
File: inputDuration/Limsp_act_0006.log, Read Speed (MB/s): 49.26865043557563
File: inputDuration/Limsp_act_0013.log, Read Speed (MB/s): 90.46942895130958
File: inputDuration/Limsp_act_0006.log, Read Speed (MB/s): 86.36605553635113
File: inputDuration/Limsp_act_0013.log, Read Speed (MB/s): 22.113161473632058
File: inputDuration/Limsp_act_0013.log, Read Speed (MB/s): 81.9894295315282
File: inputDuration/Limsp_act_0013.log, Read Speed (MB/s): 82.88758519178275
File: inputDuration\Limsp_act_0002.log, Read Speed (MB/s): 214.79451974380746
File: inputDuration\test1.log, Read Speed (MB/s): 0.17848017412699915
File: inputDuration\test1.log, Read Speed (MB/s): 1.1953250940354647
File: inputDuration\test1.log, Read Speed (MB/s): 0.4318012706771221
